D_x1 = -2*x1 + 6
D_x2 = -10*x2 + 20

Iteración 1

Nabla(p_0) = [6, 20]

MAX h(r)=-(6*lamb - 3)^2 - 5*(20*lamb - 2)^2
lamb = 0.107072677898723

p_1 = [0.642436067392340, 2.14145355797447]

Iteración 2

Nabla(p_1) = [4.71512786521532, -1.41453557974465]

MAX h(r)=-5*(-1.41453557974465*lamb + 0.141453557974466)^2 - (4.71512786521532*lamb - 2.35756393260766)^2
lamb = 0.375862108136454

p_2 = [2.41467396694511, 1.60978323293762]

Iteración 3

Nabla(p_2) = [1.17065206610979, 3.90216767062381]

MAX h(r)=-(1.17065206610979*lamb - 0.585326033054893)^2 - 5*(3.90216767062381*lamb - 0.390216767062381)^2
lamb = 0.107072692880168

p_3 = [2.54001883608921, 2.02759883350124]

Iteración 4

Nabla(p_3) = [0.919962327821571, -0.275988335012439]

MAX h(r)=-5*(-0.275988335012439*lamb + 0.0275988335012438)^2 - (0.919962327821571*lamb - 0.459981163910785)^2
lamb = 0.375862251815307

p_4 = [2.88579794820948, 1.92386523642871]

Iteración 5

Nabla(p_4) = [0.228404103581036, 0.761347635712891]

MAX h(r)=-(0.228404103581036*lamb - 0.114202051790518)^2 - 5*(0.761347635712891*lamb - 0.076134763571289)^2
lamb = 0.107072669294623

p_5 = [2.91025378525775, 2.00538476004564]

Iteración 6

Nabla(p_5) = [0.179492429484501, -0.0538476004564039]

MAX h(r)=-5*(-0.0538476004564039*lamb + 0.00538476004564048)^2 - (0.179492429484501*lamb - 0.0897462147422505)^2
lamb = 0.375862464271724

p_6 = [2.97771825212191, 1.98514546824298]

Iteración 7

Nabla(p_6) = [0.0445634957561749, 0.148545317570228]

MAX h(r)=-(0.0445634957561749*lamb - 0.0222817478780875)^2 - 5*(0.148545317570228*lamb - 0.0148545317570228)^2
lamb = 0.107072630154317

p_7 = [2.98248978282140, 2.00105060609233]

Iteración 8

Nabla(p_7) = [0.0350204343572065, -0.0105060609232979]

MAX h(r)=-5*(-0.0105060609232979*lamb + 0.00105060609232988)^2 - (0.0350204343572065*lamb - 0.0175102171786032)^2
lamb = 0.375863186292114

p_8 = [2.99565267486423, 1.99710176455832]

Iteración 9

Nabla(p_8) = [0.00869465027153993, 0.0289823544168009]

MAX h(r)=-(0.00869465027153993*lamb - 0.00434732513576996)^2 - 5*(0.0289823544168009*lamb - 0.00289823544168)^2
lamb = 0.107072545634600

p_9 = [2.99658363320221, 2.00020497902421]

Iteración 10

Nabla(p_9) = [0.00683273359558711, -0.00204979024211127]

MAX h(r)=-5*(-0.00204979024211127*lamb + 0.000204979024211127)^2 - (0.00683273359558711*lamb - 0.00341636679779356)^2
lamb = 0.375864550429869

p_10 = [2.99915181554332, 1.99943453553638]

Iteración 11

Nabla(p_10) = [0.00169636891336200, 0.00565464463615584]

MAX h(r)=-(0.001696368913362*lamb - 0.000848184456681)^2 - 5*(0.00565464463615584*lamb - 0.000565464463615495)^2
lamb = 0.107072480540074

p_11 = [2.99933344997078, 2.00003999236415]

Iteración 12

Nabla(p_11) = [0.00133310005843246, -0.000399923641506206]

MAX h(r)=-5*(-0.000399923641506206*lamb + 3.99923641505318e-5)^2 - (0.00133310005843246*lamb - 0.000666550029216229)^2
lamb = 0.375864787813112

p_12 = [2.99983451534138, 1.99988967514949]

Iteración 13

Nabla(p_12) = [0.000330969317239749, 0.00110324850505705]

MAX h(r)=-(0.000330969317239749*lamb - 0.000165484658619874)^2 - 5*(0.00110324850505705*lamb - 0.000110324850505661)^2
lamb = 0.107072456096081

p_13 = [2.99986995303907, 2.00000780267662]

Iteración 14

Nabla(p_13) = [0.000260093921861326, -7.80267661504297e-5]

MAX h(r)=-5*(-7.80267661504297e-5*lamb + 7.80267661504297e-6)^2 - (0.000260093921861326*lamb - 0.000130046960930663)^2
lamb = 0.375865149919550

p_14 = [2.99996771328000, 1.99997847513446]

Iteración 15

Nabla(p_14) = [6.45734399942199e-5, 0.000215248655418776]

MAX h(r)=-(6.45734399942199e-5*lamb - 3.228671999711e-5)^2 - 5*(0.000215248655418776*lamb - 2.15248655417444e-5)^2
lamb = 0.107072431510101

p_15 = [2.99997462731523, 2.00000152233137]

Iteración 16

Nabla(p_15) = [5.07453695322013e-5, -1.52233137349356e-5]

MAX h(r)=-5*(-1.52233137349356e-5*lamb + 1.52233137340474e-6)^2 - (5.07453695322013e-5*lamb - 2.53726847661007e-5)^2
lamb = 0.375865347644228

p_16 = [2.99999370074119, 1.99999580041526]

Iteración 17

Nabla(p_16) = [1.25985176113730e-5, 4.19958473614201e-5]

MAX h(r)=-(1.2598517611373e-5*lamb - 6.29925880568649e-6)^2 - 5*(4.19958473614201e-5*lamb - 4.19958473596438e-6)^2
lamb = 0.107072376894541

p_17 = [2.99999504969442, 2.00000029701046]
